Fri, 23 Jan 2015 01:23:20 GMT express-session deprecated undefined resave option; provide resave option at app.js:62:9
Fri, 23 Jan 2015 01:23:20 GMT express-session deprecated undefined saveUninitialized option; provide saveUninitialized option at app.js:62:9
app  is listening on port 2344...
Deserializing User
{ id: 1,
  email: 'tlebeda@gmail.com',
  permissions: [ 'submit_entry', 'create_contest' ] }
Deserializing User
{ id: 1,
  email: 'tlebeda@gmail.com',
  permissions: [ 'submit_entry', 'create_contest' ] }
authenticated!
authenticated!
Deserializing User
{ id: 1,
  email: 'tlebeda@gmail.com',
  permissions: [ 'submit_entry', 'create_contest' ] }
authenticated!
Deserializing User
{ id: 1,
  email: 'tlebeda@gmail.com',
  permissions: [ 'submit_entry', 'create_contest' ] }
authenticated!
Deserializing User
{ id: 1,
  email: 'tlebeda@gmail.com',
  permissions: [ 'submit_entry', 'create_contest' ] }
authenticated!
getting all active contests
Deserializing User
{ id: 1,
  email: 'tlebeda@gmail.com',
  permissions: [ 'submit_entry', 'create_contest' ] }
authenticated!
getting all active contests
Deserializing User
{ id: 1,
  email: 'tlebeda@gmail.com',
  permissions: [ 'submit_entry', 'create_contest' ] }
authenticated!
SELECT contest_id AS id, title AS title, description AS description, end_date AS deadline FROM public.contest WHERE contest.contest_id = 3;
Deserializing User
{ id: 1,
  email: 'tlebeda@gmail.com',
  permissions: [ 'submit_entry', 'create_contest' ] }
authenticated!
getting all active contests
Deserializing User
{ id: 1,
  email: 'tlebeda@gmail.com',
  permissions: [ 'submit_entry', 'create_contest' ] }
authenticated!
getting all completed contests
debug1
debug2
SELECT users.user_id, users.email, permission.name FROM public.users, public.permission, public.permission_link WHERE users.user_id = permission_link.user_id AND permission.permission_id = permission_link.permission_id AND users.email = 'tlebeda@gmail.com' AND users.password = 'pass1234'
[ 'submit_entry', 'create_contest' ]
authenticated!
123
{ id: 1,
  email: 'tlebeda@gmail.com',
  permissions: [ 'submit_entry', 'create_contest' ] }
debug 3
Deserializing User
{ id: 1,
  email: 'tlebeda@gmail.com',
  permissions: [ 'submit_entry', 'create_contest' ] }
authenticated!
getting all active contests
Deserializing User
{ id: 1,
  email: 'tlebeda@gmail.com',
  permissions: [ 'submit_entry', 'create_contest' ] }
authenticated!
debug1
debug2
SELECT users.user_id, users.email, permission.name FROM public.users, public.permission, public.permission_link WHERE users.user_id = permission_link.user_id AND permission.permission_id = permission_link.permission_id AND users.email = 'tlebeda@gmail.com' AND users.password = 'pass1234'
[ 'submit_entry', 'create_contest' ]
authenticated!
123
{ id: 1,
  email: 'tlebeda@gmail.com',
  permissions: [ 'submit_entry', 'create_contest' ] }
debug 3
Deserializing User
{ id: 1,
  email: 'tlebeda@gmail.com',
  permissions: [ 'submit_entry', 'create_contest' ] }
authenticated!
getting all active contests
Deserializing User
{ id: 1,
  email: 'tlebeda@gmail.com',
  permissions: [ 'submit_entry', 'create_contest' ] }
authenticated!
Deserializing User
{ id: 1,
  email: 'tlebeda@gmail.com',
  permissions: [ 'submit_entry', 'create_contest' ] }
authenticated!
Deserializing User
{ id: 1,
  email: 'tlebeda@gmail.com',
  permissions: [ 'submit_entry', 'create_contest' ] }
authenticated!
Deserializing User
{ id: 1,
  email: 'tlebeda@gmail.com',
  permissions: [ 'submit_entry', 'create_contest' ] }
Deserializing User
{ id: 1,
  email: 'tlebeda@gmail.com',
  permissions: [ 'submit_entry', 'create_contest' ] }
Deserializing User
{ id: 1,
  email: 'tlebeda@gmail.com',
  permissions: [ 'submit_entry', 'create_contest' ] }
authenticated!
authenticated!
authenticated!
Deserializing User
{ id: 1,
  email: 'tlebeda@gmail.com',
  permissions: [ 'submit_entry', 'create_contest' ] }
authenticated!
Deserializing User
{ id: 1,
  email: 'tlebeda@gmail.com',
  permissions: [ 'submit_entry', 'create_contest' ] }
authenticated!
Deserializing User
{ id: 1,
  email: 'tlebeda@gmail.com',
  permissions: [ 'submit_entry', 'create_contest' ] }
authenticated!
Deserializing User
{ id: 1,
  email: 'tlebeda@gmail.com',
  permissions: [ 'submit_entry', 'create_contest' ] }
authenticated!
SELECT contest_id AS id, title AS title, description AS description, end_date AS deadline FROM public.contest WHERE contest.contest_id = 7;
Deserializing User
{ id: 1,
  email: 'tlebeda@gmail.com',
  permissions: [ 'submit_entry', 'create_contest' ] }
authenticated!
getting all completed contests
Deserializing User
{ id: 1,
  email: 'tlebeda@gmail.com',
  permissions: [ 'submit_entry', 'create_contest' ] }
authenticated!
getting all completed contests
Deserializing User
{ id: 1,
  email: 'tlebeda@gmail.com',
  permissions: [ 'submit_entry', 'create_contest' ] }
authenticated!
SELECT contest_id AS id, title AS title, description AS description, end_date AS deadline FROM public.contest WHERE contest.contest_id = 7;
Deserializing User
{ id: 1,
  email: 'tlebeda@gmail.com',
  permissions: [ 'submit_entry', 'create_contest' ] }
authenticated!
getting all active contests
Deserializing User
{ id: 1,
  email: 'tlebeda@gmail.com',
  permissions: [ 'submit_entry', 'create_contest' ] }
authenticated!
Deserializing User
{ id: 1,
  email: 'tlebeda@gmail.com',
  permissions: [ 'submit_entry', 'create_contest' ] }
authenticated!
Deserializing User
{ id: 1,
  email: 'tlebeda@gmail.com',
  permissions: [ 'submit_entry', 'create_contest' ] }
authenticated!
Deserializing User
{ id: 1,
  email: 'tlebeda@gmail.com',
  permissions: [ 'submit_entry', 'create_contest' ] }
authenticated!
Deserializing User
{ id: 1,
  email: 'tlebeda@gmail.com',
  permissions: [ 'submit_entry', 'create_contest' ] }
authenticated!
SELECT contest_id AS id, title AS title, description AS description, end_date AS deadline FROM public.contest WHERE contest.contest_id = 3;
Deserializing User
{ id: 1,
  email: 'tlebeda@gmail.com',
  permissions: [ 'submit_entry', 'create_contest' ] }
authenticated!
getting all completed contests
Deserializing User
{ id: 1,
  email: 'tlebeda@gmail.com',
  permissions: [ 'submit_entry', 'create_contest' ] }
authenticated!
getting all active contests
Deserializing User
{ id: 1,
  email: 'tlebeda@gmail.com',
  permissions: [ 'submit_entry', 'create_contest' ] }
authenticated!
[ { eid: 16, content: 'This is also an entry to test' } ]
Deserializing User
{ id: 1,
  email: 'tlebeda@gmail.com',
  permissions: [ 'submit_entry', 'create_contest' ] }
authenticated!
[ { eid: 22, content: 'Botulism' } ]
Deserializing User
{ id: 1,
  email: 'tlebeda@gmail.com',
  permissions: [ 'submit_entry', 'create_contest' ] }
authenticated!
Deserializing User
{ id: 1,
  email: 'tlebeda@gmail.com',
  permissions: [ 'submit_entry', 'create_contest' ] }
authenticated!
getting all completed contests
Deserializing User
{ id: 1,
  email: 'tlebeda@gmail.com',
  permissions: [ 'submit_entry', 'create_contest' ] }
authenticated!
Deserializing User
{ id: 1,
  email: 'tlebeda@gmail.com',
  permissions: [ 'submit_entry', 'create_contest' ] }
authenticated!
getting all completed contests
Deserializing User
{ id: 1,
  email: 'tlebeda@gmail.com',
  permissions: [ 'submit_entry', 'create_contest' ] }
authenticated!
Deserializing User
{ id: 1,
  email: 'tlebeda@gmail.com',
  permissions: [ 'submit_entry', 'create_contest' ] }
authenticated!
getting all completed contests
Deserializing User
{ id: 1,
  email: 'tlebeda@gmail.com',
  permissions: [ 'submit_entry', 'create_contest' ] }
authenticated!
Deserializing User
{ id: 1,
  email: 'tlebeda@gmail.com',
  permissions: [ 'submit_entry', 'create_contest' ] }
authenticated!
Deserializing User
{ id: 1,
  email: 'tlebeda@gmail.com',
  permissions: [ 'submit_entry', 'create_contest' ] }
authenticated!
Deserializing User
{ id: 1,
  email: 'tlebeda@gmail.com',
  permissions: [ 'submit_entry', 'create_contest' ] }
authenticated!
Deserializing User
{ id: 1,
  email: 'tlebeda@gmail.com',
  permissions: [ 'submit_entry', 'create_contest' ] }
authenticated!
Deserializing User
{ id: 1,
  email: 'tlebeda@gmail.com',
  permissions: [ 'submit_entry', 'create_contest' ] }
authenticated!
Deserializing User
{ id: 1,
  email: 'tlebeda@gmail.com',
  permissions: [ 'submit_entry', 'create_contest' ] }
authenticated!
getting all active contests
Deserializing User
{ id: 1,
  email: 'tlebeda@gmail.com',
  permissions: [ 'submit_entry', 'create_contest' ] }
authenticated!
SELECT contest_id AS id, title AS title, description AS description, end_date AS deadline FROM public.contest WHERE contest.contest_id = 3;
Deserializing User
{ id: 1,
  email: 'tlebeda@gmail.com',
  permissions: [ 'submit_entry', 'create_contest' ] }
authenticated!
SELECT contest_id AS id, title AS title, description AS description, end_date AS deadline FROM public.contest WHERE contest.contest_id = 3;
Deserializing User
{ id: 1,
  email: 'tlebeda@gmail.com',
  permissions: [ 'submit_entry', 'create_contest' ] }
authenticated!
Deserializing User
{ id: 1,
  email: 'tlebeda@gmail.com',
  permissions: [ 'submit_entry', 'create_contest' ] }
authenticated!
getEntriesAndScoresByUserIdAndContestId: SELECT entry.text_details AS content, CAST(AVG(rating.selected_rating) AS DECIMAL(10,2)) AS score FROM public.rating RIGHT OUTER JOIN public.entry ON (rating.entry_id = entry.entry_id) WHERE entry.user_id = 1 AND entry.contest_id = 3 GROUP BY entry.text_details;
[]
Deserializing User
{ id: 1,
  email: 'tlebeda@gmail.com',
  permissions: [ 'submit_entry', 'create_contest' ] }
authenticated!
getting all completed contests
Deserializing User
{ id: 1,
  email: 'tlebeda@gmail.com',
  permissions: [ 'submit_entry', 'create_contest' ] }
authenticated!
getEntriesAndScoresByUserIdAndContestId: SELECT entry.text_details AS content, CAST(AVG(rating.selected_rating) AS DECIMAL(10,2)) AS score FROM public.rating RIGHT OUTER JOIN public.entry ON (rating.entry_id = entry.entry_id) WHERE entry.user_id = 1 AND entry.contest_id = 7 GROUP BY entry.text_details;
[ { content: 'Justin Bieber', score: '6.67' },
  { content: 'Full frontal nudity', score: '6.33' },
  { content: 'A hot mess', score: '4.00' },
  { content: 'Team-building Exercises', score: '5.67' },
  { content: 'Poor life choices', score: '9.00' } ]
Deserializing User
{ id: 1,
  email: 'tlebeda@gmail.com',
  permissions: [ 'submit_entry', 'create_contest' ] }
authenticated!
getting all completed contests
Deserializing User
{ id: 1,
  email: 'tlebeda@gmail.com',
  permissions: [ 'submit_entry', 'create_contest' ] }
authenticated!
getEntriesAndScoresByUserIdAndContestId: SELECT entry.text_details AS content, CAST(AVG(rating.selected_rating) AS DECIMAL(10,2)) AS score FROM public.rating RIGHT OUTER JOIN public.entry ON (rating.entry_id = entry.entry_id) WHERE entry.user_id = 1 AND entry.contest_id = 7 GROUP BY entry.text_details;
[ { content: 'Justin Bieber', score: '6.67' },
  { content: 'Full frontal nudity', score: '6.33' },
  { content: 'A hot mess', score: '4.00' },
  { content: 'Team-building Exercises', score: '5.67' },
  { content: 'Poor life choices', score: '9.00' } ]
Deserializing User
{ id: 1,
  email: 'tlebeda@gmail.com',
  permissions: [ 'submit_entry', 'create_contest' ] }
authenticated!
getting all completed contests
Deserializing User
{ id: 1,
  email: 'tlebeda@gmail.com',
  permissions: [ 'submit_entry', 'create_contest' ] }
authenticated!
getting all active contests
Deserializing User
{ id: 1,
  email: 'tlebeda@gmail.com',
  permissions: [ 'submit_entry', 'create_contest' ] }
authenticated!
Deserializing User
{ id: 1,
  email: 'tlebeda@gmail.com',
  permissions: [ 'submit_entry', 'create_contest' ] }
authenticated!
Deserializing User
{ id: 1,
  email: 'tlebeda@gmail.com',
  permissions: [ 'submit_entry', 'create_contest' ] }
authenticated!
Deserializing User
{ id: 1,
  email: 'tlebeda@gmail.com',
  permissions: [ 'submit_entry', 'create_contest' ] }
authenticated!
Deserializing User
{ id: 1,
  email: 'tlebeda@gmail.com',
  permissions: [ 'submit_entry', 'create_contest' ] }
authenticated!
Deserializing User
{ id: 1,
  email: 'tlebeda@gmail.com',
  permissions: [ 'submit_entry', 'create_contest' ] }
authenticated!
getting all completed contests
Deserializing User
{ id: 1,
  email: 'tlebeda@gmail.com',
  permissions: [ 'submit_entry', 'create_contest' ] }
authenticated!
Deserializing User
{ id: 1,
  email: 'tlebeda@gmail.com',
  permissions: [ 'submit_entry', 'create_contest' ] }
authenticated!
Deserializing User
{ id: 1,
  email: 'tlebeda@gmail.com',
  permissions: [ 'submit_entry', 'create_contest' ] }
authenticated!
Deserializing User
{ id: 1,
  email: 'tlebeda@gmail.com',
  permissions: [ 'submit_entry', 'create_contest' ] }
authenticated!
Deserializing User
{ id: 1,
  email: 'tlebeda@gmail.com',
  permissions: [ 'submit_entry', 'create_contest' ] }
authenticated!
Deserializing User
{ id: 1,
  email: 'tlebeda@gmail.com',
  permissions: [ 'submit_entry', 'create_contest' ] }
authenticated!
Deserializing User
{ id: 1,
  email: 'tlebeda@gmail.com',
  permissions: [ 'submit_entry', 'create_contest' ] }
authenticated!
Deserializing User
{ id: 1,
  email: 'tlebeda@gmail.com',
  permissions: [ 'submit_entry', 'create_contest' ] }
authenticated!
Deserializing User
{ id: 1,
  email: 'tlebeda@gmail.com',
  permissions: [ 'submit_entry', 'create_contest' ] }
authenticated!
Deserializing User
{ id: 1,
  email: 'tlebeda@gmail.com',
  permissions: [ 'submit_entry', 'create_contest' ] }
authenticated!
Deserializing User
{ id: 1,
  email: 'tlebeda@gmail.com',
  permissions: [ 'submit_entry', 'create_contest' ] }
authenticated!
getting all completed contests
getEntriesAndScoresByUserIdAndContestId: SELECT entry.text_details AS content, CAST(AVG(rating.selected_rating) AS DECIMAL(10,2)) AS score FROM public.rating RIGHT OUTER JOIN public.entry ON (rating.entry_id = entry.entry_id) WHERE entry.user_id = 1 AND entry.contest_id = 3 GROUP BY entry.text_details;
[]
getting all completed contests
SELECT contest_id AS id, title AS title, description AS description, end_date AS deadline FROM public.contest WHERE contest.contest_id = 3;
getting all active contests
SELECT contest_id AS id, title AS title, description AS description, end_date AS deadline FROM public.contest WHERE contest.contest_id = 7;
getting all active contests
SELECT contest_id AS id, title AS title, description AS description, end_date AS deadline FROM public.contest WHERE contest.contest_id = 6;
getting all active contests
SELECT contest_id AS id, title AS title, description AS description, end_date AS deadline FROM public.contest WHERE contest.contest_id = 6;
getting all active contests
SELECT contest_id AS id, title AS title, description AS description, end_date AS deadline FROM public.contest WHERE contest.contest_id = 5;
getting all active contests
[ { content: 'Judge pics of my whiteboard so I can grow as an artist.',
    score: '7.00' },
  { content: 'Collective decision making for the fire triangle',
    score: '6.00' },
  { content: 'Anonymous feedback for writers', score: '5.00' },
  { content: 'Use this thing to judge fire spinning pics',
    score: '7.50' },
  { content: 'Judge dart contests', score: '7.50' } ]
getting all completed contests
getting all completed contests
getting all completed contests
getting all completed contests
undefined
getting all active contests
getting all completed contests
getting all active contests
undefined
getting all active contests
undefined
getting all completed contests
undefined
getting all active contests
undefined
getting all active contests
undefined
getting all active contests
undefined
getting all active contests
getting all active contests
getting all completed contests
getting all completed contests
undefined
getting all active contests
getting all active contests
getting all active contests
getting all active contests
getting all active contests
getting all completed contests
undefined
getting all active contests
getting all active contests
getting all completed contests
SELECT contest_id AS id, title AS title, description AS description, end_date AS deadline FROM public.contest WHERE contest.contest_id = 4;
getting all active contests
getting all completed contests
getting all completed contests
getting all active contests
getting all active contests
getting all active contests
getting all active contests
getting all active contests
undefined
getting all active contests
getting all active contests
getting all completed contests
undefined
getting all completed contests
