Fri, 23 Jan 2015 01:19:04 GMT express-session deprecated undefined resave option; provide resave option at app.js:62:9
Fri, 23 Jan 2015 01:19:04 GMT express-session deprecated undefined saveUninitialized option; provide saveUninitialized option at app.js:62:9
app  is listening on port 2343...
debug1
debug2
SELECT users.user_id, users.email, permission.name FROM public.users, public.permission, public.permission_link WHERE users.user_id = permission_link.user_id AND permission.permission_id = permission_link.permission_id AND users.email = 'tlebeda@gmail.com' AND users.password = 'pass1234'
[ 'submit_entry', 'create_contest' ]
authenticated!
123
{ id: 1,
  email: 'tlebeda@gmail.com',
  permissions: [ 'submit_entry', 'create_contest' ] }
debug 3
Deserializing User
{ id: 1,
  email: 'tlebeda@gmail.com',
  permissions: [ 'submit_entry', 'create_contest' ] }
authenticated!
Deserializing User
{ id: 1,
  email: 'tlebeda@gmail.com',
  permissions: [ 'submit_entry', 'create_contest' ] }
authenticated!
getting all completed contests
Deserializing User
{ id: 1,
  email: 'tlebeda@gmail.com',
  permissions: [ 'submit_entry', 'create_contest' ] }
authenticated!
Deserializing User
{ id: 1,
  email: 'tlebeda@gmail.com',
  permissions: [ 'submit_entry', 'create_contest' ] }
authenticated!
Deserializing User
{ id: 1,
  email: 'tlebeda@gmail.com',
  permissions: [ 'submit_entry', 'create_contest' ] }
authenticated!
Deserializing User
{ id: 1,
  email: 'tlebeda@gmail.com',
  permissions: [ 'submit_entry', 'create_contest' ] }
authenticated!
Deserializing User
{ id: 1,
  email: 'tlebeda@gmail.com',
  permissions: [ 'submit_entry', 'create_contest' ] }
authenticated!
Deserializing User
{ id: 1,
  email: 'tlebeda@gmail.com',
  permissions: [ 'submit_entry', 'create_contest' ] }
authenticated!
Deserializing User
{ id: 1,
  email: 'tlebeda@gmail.com',
  permissions: [ 'submit_entry', 'create_contest' ] }
authenticated!
Deserializing User
{ id: 1,
  email: 'tlebeda@gmail.com',
  permissions: [ 'submit_entry', 'create_contest' ] }
authenticated!
Deserializing User
{ id: 1,
  email: 'tlebeda@gmail.com',
  permissions: [ 'submit_entry', 'create_contest' ] }
authenticated!
getting all completed contests
Deserializing User
{ id: 1,
  email: 'tlebeda@gmail.com',
  permissions: [ 'submit_entry', 'create_contest' ] }
authenticated!
getting all active contests
Deserializing User
{ id: 1,
  email: 'tlebeda@gmail.com',
  permissions: [ 'submit_entry', 'create_contest' ] }
authenticated!
Deserializing User
{ id: 1,
  email: 'tlebeda@gmail.com',
  permissions: [ 'submit_entry', 'create_contest' ] }
authenticated!
getting all completed contests
Deserializing User
{ id: 1,
  email: 'tlebeda@gmail.com',
  permissions: [ 'submit_entry', 'create_contest' ] }
authenticated!
Deserializing User
{ id: 1,
  email: 'tlebeda@gmail.com',
  permissions: [ 'submit_entry', 'create_contest' ] }
authenticated!
getting all completed contests
Deserializing User
{ id: 1,
  email: 'tlebeda@gmail.com',
  permissions: [ 'submit_entry', 'create_contest' ] }
authenticated!
SELECT contest_id AS id, title AS title, description AS description, end_date AS deadline FROM public.contest WHERE contest.contest_id = 7;
Deserializing User
{ id: 1,
  email: 'tlebeda@gmail.com',
  permissions: [ 'submit_entry', 'create_contest' ] }
authenticated!
getting all active contests
Deserializing User
{ id: 1,
  email: 'tlebeda@gmail.com',
  permissions: [ 'submit_entry', 'create_contest' ] }
authenticated!
Deserializing User
{ id: 1,
  email: 'tlebeda@gmail.com',
  permissions: [ 'submit_entry', 'create_contest' ] }
authenticated!
Deserializing User
{ id: 1,
  email: 'tlebeda@gmail.com',
  permissions: [ 'submit_entry', 'create_contest' ] }
Deserializing User
{ id: 1,
  email: 'tlebeda@gmail.com',
  permissions: [ 'submit_entry', 'create_contest' ] }
authenticated!
authenticated!
Deserializing User
{ id: 1,
  email: 'tlebeda@gmail.com',
  permissions: [ 'submit_entry', 'create_contest' ] }
authenticated!
Deserializing User
{ id: 1,
  email: 'tlebeda@gmail.com',
  permissions: [ 'submit_entry', 'create_contest' ] }
authenticated!
Deserializing User
{ id: 1,
  email: 'tlebeda@gmail.com',
  permissions: [ 'submit_entry', 'create_contest' ] }
authenticated!
getting all completed contests
Deserializing User
{ id: 1,
  email: 'tlebeda@gmail.com',
  permissions: [ 'submit_entry', 'create_contest' ] }
authenticated!
Deserializing User
{ id: 1,
  email: 'tlebeda@gmail.com',
  permissions: [ 'submit_entry', 'create_contest' ] }
authenticated!
getEntriesAndScoresByUserIdAndContestId: SELECT entry.text_details AS content, CAST(AVG(rating.selected_rating) AS DECIMAL(10,2)) AS score FROM public.rating RIGHT OUTER JOIN public.entry ON (rating.entry_id = entry.entry_id) WHERE entry.user_id = 1 AND entry.contest_id = 7 GROUP BY entry.text_details;
[ { content: 'Justin Bieber', score: '1.00' },
  { content: 'Full frontal nudity', score: '8.00' },
  { content: 'A hot mess', score: '3.00' },
  { content: 'Team-building Exercises', score: '7.00' },
  { content: 'Poor life choices', score: '9.00' } ]
Deserializing User
{ id: 1,
  email: 'tlebeda@gmail.com',
  permissions: [ 'submit_entry', 'create_contest' ] }
authenticated!
getting all active contests
getEntriesAndScoresByUserIdAndContestId: SELECT entry.text_details AS content, CAST(AVG(rating.selected_rating) AS DECIMAL(10,2)) AS score FROM public.rating RIGHT OUTER JOIN public.entry ON (rating.entry_id = entry.entry_id) WHERE entry.user_id = undefined AND entry.contest_id = 7 GROUP BY entry.text_details;
error: { [error: column "undefined" does not exist]
  name: 'error',
  length: 103,
  severity: 'ERROR',
  code: '42703',
  detail: undefined,
  hint: undefined,
  position: '208',
  internalPosition: undefined,
  internalQuery: undefined,
  where: undefined,
  file: 'parse_relation.c',
  line: '2655',
  routine: 'errorMissingColumn' }
Deserializing User
{ id: 1,
  email: 'tlebeda@gmail.com',
  permissions: [ 'submit_entry', 'create_contest' ] }
authenticated!
Deserializing User
{ id: 1,
  email: 'tlebeda@gmail.com',
  permissions: [ 'submit_entry', 'create_contest' ] }
authenticated!
Deserializing User
{ id: 1,
  email: 'tlebeda@gmail.com',
  permissions: [ 'submit_entry', 'create_contest' ] }
authenticated!
Deserializing User
{ id: 1,
  email: 'tlebeda@gmail.com',
  permissions: [ 'submit_entry', 'create_contest' ] }
authenticated!
Deserializing User
{ id: 1,
  email: 'tlebeda@gmail.com',
  permissions: [ 'submit_entry', 'create_contest' ] }
authenticated!
getting all completed contests
Deserializing User
{ id: 1,
  email: 'tlebeda@gmail.com',
  permissions: [ 'submit_entry', 'create_contest' ] }
authenticated!
getEntriesAndScoresByUserIdAndContestId: SELECT entry.text_details AS content, CAST(AVG(rating.selected_rating) AS DECIMAL(10,2)) AS score FROM public.rating RIGHT OUTER JOIN public.entry ON (rating.entry_id = entry.entry_id) WHERE entry.user_id = 1 AND entry.contest_id = 5 GROUP BY entry.text_details;
[ { content: 'Non-subjective score based rating.  for example: each entry is a participant and a record of participants score is recorded and collated for a winner',
    score: '7.00' } ]
Deserializing User
{ id: 1,
  email: 'tlebeda@gmail.com',
  permissions: [ 'submit_entry', 'create_contest' ] }
authenticated!
Deserializing User
{ id: 1,
  email: 'tlebeda@gmail.com',
  permissions: [ 'submit_entry', 'create_contest' ] }
authenticated!
getting all completed contests
Deserializing User
{ id: 1,
  email: 'tlebeda@gmail.com',
  permissions: [ 'submit_entry', 'create_contest' ] }
authenticated!
getting all active contests
Deserializing User
{ id: 1,
  email: 'tlebeda@gmail.com',
  permissions: [ 'submit_entry', 'create_contest' ] }
authenticated!
SELECT contest_id AS id, title AS title, description AS description, end_date AS deadline FROM public.contest WHERE contest.contest_id = 4;
Deserializing User
{ id: 1,
  email: 'tlebeda@gmail.com',
  permissions: [ 'submit_entry', 'create_contest' ] }
authenticated!
SELECT contest_id AS id, title AS title, description AS description, end_date AS deadline FROM public.contest WHERE contest.contest_id = 6;
Deserializing User
{ id: 1,
  email: 'tlebeda@gmail.com',
  permissions: [ 'submit_entry', 'create_contest' ] }
authenticated!
getting all completed contests
Deserializing User
{ id: 1,
  email: 'tlebeda@gmail.com',
  permissions: [ 'submit_entry', 'create_contest' ] }
authenticated!
{ uid: 1, rating: 8, eid: 22 }
SELECT rating_upsert(22, 1, CAST(8 AS INT2));
[ { rating_upsert: '' } ]
Deserializing User
{ id: 1,
  email: 'tlebeda@gmail.com',
  permissions: [ 'submit_entry', 'create_contest' ] }
authenticated!
getting all active contests
Deserializing User
{ id: 1,
  email: 'tlebeda@gmail.com',
  permissions: [ 'submit_entry', 'create_contest' ] }
authenticated!
SELECT contest_id AS id, title AS title, description AS description, end_date AS deadline FROM public.contest WHERE contest.contest_id = 7;
Deserializing User
{ id: 1,
  email: 'tlebeda@gmail.com',
  permissions: [ 'submit_entry', 'create_contest' ] }
authenticated!
getting all active contests
debug1
debug2
SELECT users.user_id, users.email, permission.name FROM public.users, public.permission, public.permission_link WHERE users.user_id = permission_link.user_id AND permission.permission_id = permission_link.permission_id AND users.email = 'tlebeda@gmail.com' AND users.password = 'pass1234'
[ 'submit_entry', 'create_contest' ]
authenticated!
123
{ id: 1,
  email: 'tlebeda@gmail.com',
  permissions: [ 'submit_entry', 'create_contest' ] }
debug 3
Deserializing User
{ id: 1,
  email: 'tlebeda@gmail.com',
  permissions: [ 'submit_entry', 'create_contest' ] }
authenticated!
getting all active contests
Deserializing User
{ id: 1,
  email: 'tlebeda@gmail.com',
  permissions: [ 'submit_entry', 'create_contest' ] }
authenticated!
Deserializing User
{ id: 1,
  email: 'tlebeda@gmail.com',
  permissions: [ 'submit_entry', 'create_contest' ] }
authenticated!
getEntriesAndScoresByUserIdAndContestId: SELECT entry.text_details AS content, CAST(AVG(rating.selected_rating) AS DECIMAL(10,2)) AS score FROM public.rating RIGHT OUTER JOIN public.entry ON (rating.entry_id = entry.entry_id) WHERE entry.user_id = 1 AND entry.contest_id = 3 GROUP BY entry.text_details;
[]
Deserializing User
{ id: 1,
  email: 'tlebeda@gmail.com',
  permissions: [ 'submit_entry', 'create_contest' ] }
authenticated!
getting all completed contests
Deserializing User
{ id: 1,
  email: 'tlebeda@gmail.com',
  permissions: [ 'submit_entry', 'create_contest' ] }
authenticated!
getEntriesAndScoresByUserIdAndContestId: SELECT entry.text_details AS content, CAST(AVG(rating.selected_rating) AS DECIMAL(10,2)) AS score FROM public.rating RIGHT OUTER JOIN public.entry ON (rating.entry_id = entry.entry_id) WHERE entry.user_id = 1 AND entry.contest_id = 3 GROUP BY entry.text_details;
[]
Deserializing User
{ id: 1,
  email: 'tlebeda@gmail.com',
  permissions: [ 'submit_entry', 'create_contest' ] }
authenticated!
SELECT contest_id AS id, title AS title, description AS description, end_date AS deadline FROM public.contest WHERE contest.contest_id = 3;
Deserializing User
{ id: 1,
  email: 'tlebeda@gmail.com',
  permissions: [ 'submit_entry', 'create_contest' ] }
authenticated!
SELECT contest_id AS id, title AS title, description AS description, end_date AS deadline FROM public.contest WHERE contest.contest_id = 3;
Deserializing User
{ id: 1,
  email: 'tlebeda@gmail.com',
  permissions: [ 'submit_entry', 'create_contest' ] }
authenticated!
Deserializing User
{ id: 1,
  email: 'tlebeda@gmail.com',
  permissions: [ 'submit_entry', 'create_contest' ] }
authenticated!
Deserializing User
{ id: 1,
  email: 'tlebeda@gmail.com',
  permissions: [ 'submit_entry', 'create_contest' ] }
authenticated!
Deserializing User
{ id: 1,
  email: 'tlebeda@gmail.com',
  permissions: [ 'submit_entry', 'create_contest' ] }
authenticated!
Deserializing User
{ id: 1,
  email: 'tlebeda@gmail.com',
  permissions: [ 'submit_entry', 'create_contest' ] }
authenticated!
SELECT contest_id AS id, title AS title, description AS description, end_date AS deadline FROM public.contest WHERE contest.contest_id = 3;
Deserializing User
{ id: 1,
  email: 'tlebeda@gmail.com',
  permissions: [ 'submit_entry', 'create_contest' ] }
authenticated!
getting all active contests
Deserializing User
{ id: 1,
  email: 'tlebeda@gmail.com',
  permissions: [ 'submit_entry', 'create_contest' ] }
authenticated!
SELECT contest_id AS id, title AS title, description AS description, end_date AS deadline FROM public.contest WHERE contest.contest_id = 7;
Deserializing User
{ id: 1,
  email: 'tlebeda@gmail.com',
  permissions: [ 'submit_entry', 'create_contest' ] }
authenticated!
getting all active contests
Deserializing User
{ id: 1,
  email: 'tlebeda@gmail.com',
  permissions: [ 'submit_entry', 'create_contest' ] }
authenticated!
SELECT contest_id AS id, title AS title, description AS description, end_date AS deadline FROM public.contest WHERE contest.contest_id = 7;
Deserializing User
{ id: 1,
  email: 'tlebeda@gmail.com',
  permissions: [ 'submit_entry', 'create_contest' ] }
authenticated!
getting all active contests
Deserializing User
{ id: 1,
  email: 'tlebeda@gmail.com',
  permissions: [ 'submit_entry', 'create_contest' ] }
authenticated!
Deserializing User
{ id: 1,
  email: 'tlebeda@gmail.com',
  permissions: [ 'submit_entry', 'create_contest' ] }
authenticated!
Deserializing User
{ id: 1,
  email: 'tlebeda@gmail.com',
  permissions: [ 'submit_entry', 'create_contest' ] }
authenticated!
Deserializing User
{ id: 1,
  email: 'tlebeda@gmail.com',
  permissions: [ 'submit_entry', 'create_contest' ] }
authenticated!
Deserializing User
{ id: 1,
  email: 'tlebeda@gmail.com',
  permissions: [ 'submit_entry', 'create_contest' ] }
authenticated!
getting all active contests
Deserializing User
{ id: 1,
  email: 'tlebeda@gmail.com',
  permissions: [ 'submit_entry', 'create_contest' ] }
authenticated!
Deserializing User
{ id: 1,
  email: 'tlebeda@gmail.com',
  permissions: [ 'submit_entry', 'create_contest' ] }
authenticated!
Deserializing User
{ id: 1,
  email: 'tlebeda@gmail.com',
  permissions: [ 'submit_entry', 'create_contest' ] }
authenticated!
Deserializing User
{ id: 1,
  email: 'tlebeda@gmail.com',
  permissions: [ 'submit_entry', 'create_contest' ] }
authenticated!
Deserializing User
{ id: 1,
  email: 'tlebeda@gmail.com',
  permissions: [ 'submit_entry', 'create_contest' ] }
authenticated!
Deserializing User
{ id: 1,
  email: 'tlebeda@gmail.com',
  permissions: [ 'submit_entry', 'create_contest' ] }
authenticated!
Deserializing User
{ id: 1,
  email: 'tlebeda@gmail.com',
  permissions: [ 'submit_entry', 'create_contest' ] }
authenticated!
Deserializing User
{ id: 1,
  email: 'tlebeda@gmail.com',
  permissions: [ 'submit_entry', 'create_contest' ] }
authenticated!
Deserializing User
{ id: 1,
  email: 'tlebeda@gmail.com',
  permissions: [ 'submit_entry', 'create_contest' ] }
authenticated!
Deserializing User
{ id: 1,
  email: 'tlebeda@gmail.com',
  permissions: [ 'submit_entry', 'create_contest' ] }
authenticated!
getting all active contests
Deserializing User
{ id: 1,
  email: 'tlebeda@gmail.com',
  permissions: [ 'submit_entry', 'create_contest' ] }
authenticated!
SELECT contest_id AS id, title AS title, description AS description, end_date AS deadline FROM public.contest WHERE contest.contest_id = 3;
getting all active contests
getting all active contests
getting all active contests
undefined
getting all active contests
